{"meta": {"format": 3, "version": "7.11.3", "timestamp": "2025-11-13T09:46:34.981982", "branch_coverage": false, "show_contexts": false}, "files": {"docs_mcp/__init__.py": {"executed_lines": [1, 7, 8], "summary": {"covered_lines": 2, "num_statements": 2, "percent_covered": 100.0, "percent_covered_display": "100", "missing_lines": 0, "excluded_lines": 0}, "missing_lines": [], "excluded_lines": [], "functions": {"": {"executed_lines": [1, 7, 8], "summary": {"covered_lines": 2, "num_statements": 2, "percent_covered": 100.0, "percent_covered_display": "100", "missing_lines": 0, "excluded_lines": 0}, "missing_lines": [], "excluded_lines": []}}, "classes": {"": {"executed_lines": [1, 7, 8], "summary": {"covered_lines": 2, "num_statements": 2, "percent_covered": 100.0, "percent_covered_display": "100", "missing_lines": 0, "excluded_lines": 0}, "missing_lines": [], "excluded_lines": []}}}, "docs_mcp/__main__.py": {"executed_lines": [1, 3, 4, 6, 7, 8, 11, 13, 15, 18, 21, 22, 23, 27, 30, 32, 33, 34, 35, 36, 37, 40], "summary": {"covered_lines": 21, "num_statements": 22, "percent_covered": 95.45454545454545, "percent_covered_display": "95", "missing_lines": 1, "excluded_lines": 0}, "missing_lines": [41], "excluded_lines": [], "functions": {"main": {"executed_lines": [13, 15, 18, 21, 22, 23, 27, 30, 32, 33, 34, 35, 36, 37], "summary": {"covered_lines": 14, "num_statements": 14, "percent_covered": 100.0, "percent_covered_display": "100", "missing_lines": 0, "excluded_lines": 0}, "missing_lines": [], "excluded_lines": []}, "": {"executed_lines": [1, 3, 4, 6, 7, 8, 11, 40], "summary": {"covered_lines": 7, "num_statements": 8, "percent_covered": 87.5, "percent_covered_display": "88", "missing_lines": 1, "excluded_lines": 0}, "missing_lines": [41], "excluded_lines": []}}, "classes": {"": {"executed_lines": [1, 3, 4, 6, 7, 8, 11, 13, 15, 18, 21, 22, 23, 27, 30, 32, 33, 34, 35, 36, 37, 40], "summary": {"covered_lines": 21, "num_statements": 22, "percent_covered": 95.45454545454545, "percent_covered_display": "95", "missing_lines": 1, "excluded_lines": 0}, "missing_lines": [41], "excluded_lines": []}}}, "docs_mcp/config.py": {"executed_lines": [1, 3, 4, 6, 7, 10, 11, 13, 14, 15, 16, 17, 18, 19, 21, 22, 23, 25, 26, 27, 28, 29, 30, 33, 34, 36, 44, 50, 53, 56, 57, 60, 63, 66, 69, 72, 73, 75, 76, 77, 79, 80, 81, 82, 83, 84, 85, 86, 88, 89, 90, 92, 93, 94, 95, 96, 97, 99, 100, 101, 103, 104, 105, 106, 107, 108, 110, 111, 121, 122, 130, 133, 135], "summary": {"covered_lines": 70, "num_statements": 70, "percent_covered": 100.0, "percent_covered_display": "100", "missing_lines": 0, "excluded_lines": 0}, "missing_lines": [], "excluded_lines": [], "functions": {"SourceConfig.validate_path": {"executed_lines": [25, 26, 27, 28, 29, 30], "summary": {"covered_lines": 6, "num_statements": 6, "percent_covered": 100.0, "percent_covered_display": "100", "missing_lines": 0, "excluded_lines": 0}, "missing_lines": [], "excluded_lines": []}, "ServerConfig.validate_docs_root": {"executed_lines": [79, 80, 81, 82, 83, 84, 85, 86], "summary": {"covered_lines": 8, "num_statements": 8, "percent_covered": 100.0, "percent_covered_display": "100", "missing_lines": 0, "excluded_lines": 0}, "missing_lines": [], "excluded_lines": []}, "ServerConfig.parse_openapi_specs": {"executed_lines": [92, 93, 94, 95, 96, 97], "summary": {"covered_lines": 6, "num_statements": 6, "percent_covered": 100.0, "percent_covered_display": "100", "missing_lines": 0, "excluded_lines": 0}, "missing_lines": [], "excluded_lines": []}, "ServerConfig.validate_config_file": {"executed_lines": [103, 104, 105, 106, 107, 108], "summary": {"covered_lines": 6, "num_statements": 6, "percent_covered": 100.0, "percent_covered_display": "100", "missing_lines": 0, "excluded_lines": 0}, "missing_lines": [], "excluded_lines": []}, "ServerConfig.sources": {"executed_lines": [121, 122, 130], "summary": {"covered_lines": 3, "num_statements": 3, "percent_covered": 100.0, "percent_covered_display": "100", "missing_lines": 0, "excluded_lines": 0}, "missing_lines": [], "excluded_lines": []}, "load_config": {"executed_lines": [135], "summary": {"covered_lines": 1, "num_statements": 1, "percent_covered": 100.0, "percent_covered_display": "100", "missing_lines": 0, "excluded_lines": 0}, "missing_lines": [], "excluded_lines": []}, "": {"executed_lines": [1, 3, 4, 6, 7, 10, 11, 13, 14, 15, 16, 17, 18, 19, 21, 22, 23, 33, 34, 36, 44, 50, 53, 56, 57, 60, 63, 66, 69, 72, 73, 75, 76, 77, 88, 89, 90, 99, 100, 101, 110, 111, 133], "summary": {"covered_lines": 40, "num_statements": 40, "percent_covered": 100.0, "percent_covered_display": "100", "missing_lines": 0, "excluded_lines": 0}, "missing_lines": [], "excluded_lines": []}}, "classes": {"SourceConfig": {"executed_lines": [25, 26, 27, 28, 29, 30], "summary": {"covered_lines": 6, "num_statements": 6, "percent_covered": 100.0, "percent_covered_display": "100", "missing_lines": 0, "excluded_lines": 0}, "missing_lines": [], "excluded_lines": []}, "ServerConfig": {"executed_lines": [79, 80, 81, 82, 83, 84, 85, 86, 92, 93, 94, 95, 96, 97, 103, 104, 105, 106, 107, 108, 121, 122, 130], "summary": {"covered_lines": 23, "num_statements": 23, "percent_covered": 100.0, "percent_covered_display": "100", "missing_lines": 0, "excluded_lines": 0}, "missing_lines": [], "excluded_lines": []}, "": {"executed_lines": [1, 3, 4, 6, 7, 10, 11, 13, 14, 15, 16, 17, 18, 19, 21, 22, 23, 33, 34, 36, 44, 50, 53, 56, 57, 60, 63, 66, 69, 72, 73, 75, 76, 77, 88, 89, 90, 99, 100, 101, 110, 111, 133, 135], "summary": {"covered_lines": 41, "num_statements": 41, "percent_covered": 100.0, "percent_covered_display": "100", "missing_lines": 0, "excluded_lines": 0}, "missing_lines": [], "excluded_lines": []}}}, "docs_mcp/handlers/__init__.py": {"executed_lines": [0], "summary": {"covered_lines": 0, "num_statements": 0, "percent_covered": 100.0, "percent_covered_display": "100", "missing_lines": 0, "excluded_lines": 0}, "missing_lines": [], "excluded_lines": [], "functions": {"": {"executed_lines": [], "summary": {"covered_lines": 0, "num_statements": 0, "percent_covered": 100.0, "percent_covered_display": "100", "missing_lines": 0, "excluded_lines": 0}, "missing_lines": [], "excluded_lines": []}}, "classes": {"": {"executed_lines": [], "summary": {"covered_lines": 0, "num_statements": 0, "percent_covered": 100.0, "percent_covered_display": "100", "missing_lines": 0, "excluded_lines": 0}, "missing_lines": [], "excluded_lines": []}}}, "docs_mcp/handlers/resources.py": {"executed_lines": [1, 3, 5, 6, 7, 10, 25, 27, 29, 30, 31, 44, 45, 47, 48, 50, 51, 52, 53, 54, 55, 57, 58, 59, 60, 61, 62, 64, 75, 77, 78, 79, 82, 95, 98, 108, 109, 119, 120, 129, 130], "summary": {"covered_lines": 40, "num_statements": 40, "percent_covered": 100.0, "percent_covered_display": "100", "missing_lines": 0, "excluded_lines": 0}, "missing_lines": [], "excluded_lines": [], "functions": {"handle_resource_read": {"executed_lines": [25, 27, 29, 30, 31, 44, 45, 47, 48, 50, 51, 52, 53, 54, 55, 57, 58, 59, 60, 61, 62, 64, 75, 77, 78, 79], "summary": {"covered_lines": 26, "num_statements": 26, "percent_covered": 100.0, "percent_covered_display": "100", "missing_lines": 0, "excluded_lines": 0}, "missing_lines": [], "excluded_lines": []}, "list_resources": {"executed_lines": [95, 98, 108, 109, 119, 120, 129, 130], "summary": {"covered_lines": 8, "num_statements": 8, "percent_covered": 100.0, "percent_covered_display": "100", "missing_lines": 0, "excluded_lines": 0}, "missing_lines": [], "excluded_lines": []}, "": {"executed_lines": [1, 3, 5, 6, 7, 10, 82], "summary": {"covered_lines": 6, "num_statements": 6, "percent_covered": 100.0, "percent_covered_display": "100", "missing_lines": 0, "excluded_lines": 0}, "missing_lines": [], "excluded_lines": []}}, "classes": {"": {"executed_lines": [1, 3, 5, 6, 7, 10, 25, 27, 29, 30, 31, 44, 45, 47, 48, 50, 51, 52, 53, 54, 55, 57, 58, 59, 60, 61, 62, 64, 75, 77, 78, 79, 82, 95, 98, 108, 109, 119, 120, 129, 130], "summary": {"covered_lines": 40, "num_statements": 40, "percent_covered": 100.0, "percent_covered_display": "100", "missing_lines": 0, "excluded_lines": 0}, "missing_lines": [], "excluded_lines": []}}}, "docs_mcp/handlers/tools.py": {"executed_lines": [1, 3, 5, 6, 7, 11, 12, 15, 32, 33, 34, 36, 38, 39, 47, 60, 61, 62, 65, 80, 82, 84, 85, 87, 97, 98, 99, 102, 117, 119, 121, 122, 123, 125, 126, 127, 130, 145, 146, 147, 149, 151, 152, 159, 171, 172, 173, 176, 189, 191, 193, 194, 196, 197, 199, 209, 210, 211], "summary": {"covered_lines": 57, "num_statements": 57, "percent_covered": 100.0, "percent_covered_display": "100", "missing_lines": 0, "excluded_lines": 0}, "missing_lines": [], "excluded_lines": [], "functions": {"handle_search_documentation": {"executed_lines": [32, 33, 34, 36, 38, 39, 47, 60, 61, 62], "summary": {"covered_lines": 10, "num_statements": 10, "percent_covered": 100.0, "percent_covered_display": "100", "missing_lines": 0, "excluded_lines": 0}, "missing_lines": [], "excluded_lines": []}, "handle_navigate_to": {"executed_lines": [80, 82, 84, 85, 87, 97, 98, 99], "summary": {"covered_lines": 8, "num_statements": 8, "percent_covered": 100.0, "percent_covered_display": "100", "missing_lines": 0, "excluded_lines": 0}, "missing_lines": [], "excluded_lines": []}, "handle_get_table_of_contents": {"executed_lines": [117, 119, 121, 122, 123, 125, 126, 127], "summary": {"covered_lines": 8, "num_statements": 8, "percent_covered": 100.0, "percent_covered_display": "100", "missing_lines": 0, "excluded_lines": 0}, "missing_lines": [], "excluded_lines": []}, "handle_search_by_tags": {"executed_lines": [145, 146, 147, 149, 151, 152, 159, 171, 172, 173], "summary": {"covered_lines": 10, "num_statements": 10, "percent_covered": 100.0, "percent_covered_display": "100", "missing_lines": 0, "excluded_lines": 0}, "missing_lines": [], "excluded_lines": []}, "handle_get_document": {"executed_lines": [189, 191, 193, 194, 196, 197, 199, 209, 210, 211], "summary": {"covered_lines": 10, "num_statements": 10, "percent_covered": 100.0, "percent_covered_display": "100", "missing_lines": 0, "excluded_lines": 0}, "missing_lines": [], "excluded_lines": []}, "": {"executed_lines": [1, 3, 5, 6, 7, 11, 12, 15, 65, 102, 130, 176], "summary": {"covered_lines": 11, "num_statements": 11, "percent_covered": 100.0, "percent_covered_display": "100", "missing_lines": 0, "excluded_lines": 0}, "missing_lines": [], "excluded_lines": []}}, "classes": {"": {"executed_lines": [1, 3, 5, 6, 7, 11, 12, 15, 32, 33, 34, 36, 38, 39, 47, 60, 61, 62, 65, 80, 82, 84, 85, 87, 97, 98, 99, 102, 117, 119, 121, 122, 123, 125, 126, 127, 130, 145, 146, 147, 149, 151, 152, 159, 171, 172, 173, 176, 189, 191, 193, 194, 196, 197, 199, 209, 210, 211], "summary": {"covered_lines": 57, "num_statements": 57, "percent_covered": 100.0, "percent_covered_display": "100", "missing_lines": 0, "excluded_lines": 0}, "missing_lines": [], "excluded_lines": []}}}, "docs_mcp/models/__init__.py": {"executed_lines": [0], "summary": {"covered_lines": 0, "num_statements": 0, "percent_covered": 100.0, "percent_covered_display": "100", "missing_lines": 0, "excluded_lines": 0}, "missing_lines": [], "excluded_lines": [], "functions": {"": {"executed_lines": [], "summary": {"covered_lines": 0, "num_statements": 0, "percent_covered": 100.0, "percent_covered_display": "100", "missing_lines": 0, "excluded_lines": 0}, "missing_lines": [], "excluded_lines": []}}, "classes": {"": {"executed_lines": [], "summary": {"covered_lines": 0, "num_statements": 0, "percent_covered": 100.0, "percent_covered_display": "100", "missing_lines": 0, "excluded_lines": 0}, "missing_lines": [], "excluded_lines": []}}}, "docs_mcp/models/document.py": {"executed_lines": [1, 3, 4, 5, 7, 10, 11, 13, 14, 15, 16, 17, 18, 19, 22, 23, 25, 26, 27, 28, 29, 30, 31, 32, 33, 34, 35, 36, 38, 39, 41, 43, 53, 54, 55, 56, 57, 60, 61, 63, 64, 66], "summary": {"covered_lines": 39, "num_statements": 39, "percent_covered": 100.0, "percent_covered_display": "100", "missing_lines": 0, "excluded_lines": 0}, "missing_lines": [], "excluded_lines": [], "functions": {"Document.breadcrumbs": {"executed_lines": [41], "summary": {"covered_lines": 1, "num_statements": 1, "percent_covered": 100.0, "percent_covered_display": "100", "missing_lines": 0, "excluded_lines": 0}, "missing_lines": [], "excluded_lines": []}, "Document.excerpt": {"executed_lines": [53, 54, 55, 56, 57, 60, 61, 63, 64, 66], "summary": {"covered_lines": 10, "num_statements": 10, "percent_covered": 100.0, "percent_covered_display": "100", "missing_lines": 0, "excluded_lines": 0}, "missing_lines": [], "excluded_lines": []}, "": {"executed_lines": [1, 3, 4, 5, 7, 10, 11, 13, 14, 15, 16, 17, 18, 19, 22, 23, 25, 26, 27, 28, 29, 30, 31, 32, 33, 34, 35, 36, 38, 39, 43], "summary": {"covered_lines": 28, "num_statements": 28, "percent_covered": 100.0, "percent_covered_display": "100", "missing_lines": 0, "excluded_lines": 0}, "missing_lines": [], "excluded_lines": []}}, "classes": {"DocumentationSource": {"executed_lines": [], "summary": {"covered_lines": 0, "num_statements": 0, "percent_covered": 100.0, "percent_covered_display": "100", "missing_lines": 0, "excluded_lines": 0}, "missing_lines": [], "excluded_lines": []}, "Document": {"executed_lines": [41, 53, 54, 55, 56, 57, 60, 61, 63, 64, 66], "summary": {"covered_lines": 11, "num_statements": 11, "percent_covered": 100.0, "percent_covered_display": "100", "missing_lines": 0, "excluded_lines": 0}, "missing_lines": [], "excluded_lines": []}, "": {"executed_lines": [1, 3, 4, 5, 7, 10, 11, 13, 14, 15, 16, 17, 18, 19, 22, 23, 25, 26, 27, 28, 29, 30, 31, 32, 33, 34, 35, 36, 38, 39, 43], "summary": {"covered_lines": 28, "num_statements": 28, "percent_covered": 100.0, "percent_covered_display": "100", "missing_lines": 0, "excluded_lines": 0}, "missing_lines": [], "excluded_lines": []}}}, "docs_mcp/models/navigation.py": {"executed_lines": [1, 3, 5, 8, 9, 11, 12, 13, 14, 15, 16, 17, 18, 19, 21, 22, 24, 25, 27, 28, 29, 31, 32, 37, 38, 40, 43, 44, 46, 47, 48, 49, 50, 51, 52, 53, 55, 56, 58, 61, 62, 64, 65, 66, 67, 68, 69, 70, 72, 73, 75, 77, 78, 80], "summary": {"covered_lines": 50, "num_statements": 50, "percent_covered": 100.0, "percent_covered_display": "100", "missing_lines": 0, "excluded_lines": 0}, "missing_lines": [], "excluded_lines": [], "functions": {"Category.breadcrumbs": {"executed_lines": [24, 25, 27, 28, 29, 31, 32], "summary": {"covered_lines": 7, "num_statements": 7, "percent_covered": 100.0, "percent_covered_display": "100", "missing_lines": 0, "excluded_lines": 0}, "missing_lines": [], "excluded_lines": []}, "Category.is_root": {"executed_lines": [40], "summary": {"covered_lines": 1, "num_statements": 1, "percent_covered": 100.0, "percent_covered_display": "100", "missing_lines": 0, "excluded_lines": 0}, "missing_lines": [], "excluded_lines": []}, "SearchResult.breadcrumb_string": {"executed_lines": [58], "summary": {"covered_lines": 1, "num_statements": 1, "percent_covered": 100.0, "percent_covered_display": "100", "missing_lines": 0, "excluded_lines": 0}, "missing_lines": [], "excluded_lines": []}, "NavigationContext.can_navigate_up": {"executed_lines": [75], "summary": {"covered_lines": 1, "num_statements": 1, "percent_covered": 100.0, "percent_covered_display": "100", "missing_lines": 0, "excluded_lines": 0}, "missing_lines": [], "excluded_lines": []}, "NavigationContext.can_navigate_down": {"executed_lines": [80], "summary": {"covered_lines": 1, "num_statements": 1, "percent_covered": 100.0, "percent_covered_display": "100", "missing_lines": 0, "excluded_lines": 0}, "missing_lines": [], "excluded_lines": []}, "": {"executed_lines": [1, 3, 5, 8, 9, 11, 12, 13, 14, 15, 16, 17, 18, 19, 21, 22, 37, 38, 43, 44, 46, 47, 48, 49, 50, 51, 52, 53, 55, 56, 61, 62, 64, 65, 66, 67, 68, 69, 70, 72, 73, 77, 78], "summary": {"covered_lines": 39, "num_statements": 39, "percent_covered": 100.0, "percent_covered_display": "100", "missing_lines": 0, "excluded_lines": 0}, "missing_lines": [], "excluded_lines": []}}, "classes": {"Category": {"executed_lines": [24, 25, 27, 28, 29, 31, 32, 40], "summary": {"covered_lines": 8, "num_statements": 8, "percent_covered": 100.0, "percent_covered_display": "100", "missing_lines": 0, "excluded_lines": 0}, "missing_lines": [], "excluded_lines": []}, "SearchResult": {"executed_lines": [58], "summary": {"covered_lines": 1, "num_statements": 1, "percent_covered": 100.0, "percent_covered_display": "100", "missing_lines": 0, "excluded_lines": 0}, "missing_lines": [], "excluded_lines": []}, "NavigationContext": {"executed_lines": [75, 80], "summary": {"covered_lines": 2, "num_statements": 2, "percent_covered": 100.0, "percent_covered_display": "100", "missing_lines": 0, "excluded_lines": 0}, "missing_lines": [], "excluded_lines": []}, "": {"executed_lines": [1, 3, 5, 8, 9, 11, 12, 13, 14, 15, 16, 17, 18, 19, 21, 22, 37, 38, 43, 44, 46, 47, 48, 49, 50, 51, 52, 53, 55, 56, 61, 62, 64, 65, 66, 67, 68, 69, 70, 72, 73, 77, 78], "summary": {"covered_lines": 39, "num_statements": 39, "percent_covered": 100.0, "percent_covered_display": "100", "missing_lines": 0, "excluded_lines": 0}, "missing_lines": [], "excluded_lines": []}}}, "docs_mcp/models/openapi.py": {"executed_lines": [1, 3, 4, 6, 9, 10, 12, 13, 14, 15, 16, 17, 18, 19, 20, 21, 22, 24, 25, 27, 28, 29, 31, 32, 34, 37, 38, 40, 41, 42, 43, 44, 45, 46, 47, 48, 49], "summary": {"covered_lines": 34, "num_statements": 34, "percent_covered": 100.0, "percent_covered_display": "100", "missing_lines": 0, "excluded_lines": 0}, "missing_lines": [], "excluded_lines": [], "functions": {"APIOperation.full_description": {"executed_lines": [27, 28, 29], "summary": {"covered_lines": 3, "num_statements": 3, "percent_covered": 100.0, "percent_covered_display": "100", "missing_lines": 0, "excluded_lines": 0}, "missing_lines": [], "excluded_lines": []}, "APIOperation.required_parameters": {"executed_lines": [34], "summary": {"covered_lines": 1, "num_statements": 1, "percent_covered": 100.0, "percent_covered_display": "100", "missing_lines": 0, "excluded_lines": 0}, "missing_lines": [], "excluded_lines": []}, "": {"executed_lines": [1, 3, 4, 6, 9, 10, 12, 13, 14, 15, 16, 17, 18, 19, 20, 21, 22, 24, 25, 31, 32, 37, 38, 40, 41, 42, 43, 44, 45, 46, 47, 48, 49], "summary": {"covered_lines": 30, "num_statements": 30, "percent_covered": 100.0, "percent_covered_display": "100", "missing_lines": 0, "excluded_lines": 0}, "missing_lines": [], "excluded_lines": []}}, "classes": {"APIOperation": {"executed_lines": [27, 28, 29, 34], "summary": {"covered_lines": 4, "num_statements": 4, "percent_covered": 100.0, "percent_covered_display": "100", "missing_lines": 0, "excluded_lines": 0}, "missing_lines": [], "excluded_lines": []}, "OpenAPISpecification": {"executed_lines": [], "summary": {"covered_lines": 0, "num_statements": 0, "percent_covered": 100.0, "percent_covered_display": "100", "missing_lines": 0, "excluded_lines": 0}, "missing_lines": [], "excluded_lines": []}, "": {"executed_lines": [1, 3, 4, 6, 9, 10, 12, 13, 14, 15, 16, 17, 18, 19, 20, 21, 22, 24, 25, 31, 32, 37, 38, 40, 41, 42, 43, 44, 45, 46, 47, 48, 49], "summary": {"covered_lines": 30, "num_statements": 30, "percent_covered": 100.0, "percent_covered_display": "100", "missing_lines": 0, "excluded_lines": 0}, "missing_lines": [], "excluded_lines": []}}}, "docs_mcp/security/__init__.py": {"executed_lines": [0], "summary": {"covered_lines": 0, "num_statements": 0, "percent_covered": 100.0, "percent_covered_display": "100", "missing_lines": 0, "excluded_lines": 0}, "missing_lines": [], "excluded_lines": [], "functions": {"": {"executed_lines": [], "summary": {"covered_lines": 0, "num_statements": 0, "percent_covered": 100.0, "percent_covered_display": "100", "missing_lines": 0, "excluded_lines": 0}, "missing_lines": [], "excluded_lines": []}}, "classes": {"": {"executed_lines": [], "summary": {"covered_lines": 0, "num_statements": 0, "percent_covered": 100.0, "percent_covered_display": "100", "missing_lines": 0, "excluded_lines": 0}, "missing_lines": [], "excluded_lines": []}}}, "docs_mcp/security/path_validator.py": {"executed_lines": [1, 3, 5, 8, 9, 11, 14, 32, 34, 35, 38, 39, 40, 41, 50, 53, 54, 55, 56, 64, 69, 70, 73, 82, 84, 85, 86, 87, 95, 98, 116, 117, 118, 121, 136, 137, 138, 139, 140, 143, 153, 154, 155, 157, 158, 159, 163, 165, 166, 167, 169, 170, 174, 176], "summary": {"covered_lines": 52, "num_statements": 52, "percent_covered": 100.0, "percent_covered_display": "100", "missing_lines": 0, "excluded_lines": 0}, "missing_lines": [], "excluded_lines": [], "functions": {"validate_path": {"executed_lines": [32, 34, 35, 38, 39, 40, 41, 50, 53, 54, 55, 56, 64, 69, 70, 73, 82, 84, 85, 86, 87, 95], "summary": {"covered_lines": 22, "num_statements": 22, "percent_covered": 100.0, "percent_covered_display": "100", "missing_lines": 0, "excluded_lines": 0}, "missing_lines": [], "excluded_lines": []}, "validate_relative_path": {"executed_lines": [116, 117, 118], "summary": {"covered_lines": 3, "num_statements": 3, "percent_covered": 100.0, "percent_covered_display": "100", "missing_lines": 0, "excluded_lines": 0}, "missing_lines": [], "excluded_lines": []}, "is_path_safe": {"executed_lines": [136, 137, 138, 139, 140], "summary": {"covered_lines": 5, "num_statements": 5, "percent_covered": 100.0, "percent_covered_display": "100", "missing_lines": 0, "excluded_lines": 0}, "missing_lines": [], "excluded_lines": []}, "detect_symlink_cycle": {"executed_lines": [153, 154, 155, 157, 158, 159, 163, 165, 166, 167, 169, 170, 174, 176], "summary": {"covered_lines": 14, "num_statements": 14, "percent_covered": 100.0, "percent_covered_display": "100", "missing_lines": 0, "excluded_lines": 0}, "missing_lines": [], "excluded_lines": []}, "": {"executed_lines": [1, 3, 5, 8, 9, 11, 14, 98, 121, 143], "summary": {"covered_lines": 8, "num_statements": 8, "percent_covered": 100.0, "percent_covered_display": "100", "missing_lines": 0, "excluded_lines": 0}, "missing_lines": [], "excluded_lines": []}}, "classes": {"PathValidationError": {"executed_lines": [], "summary": {"covered_lines": 0, "num_statements": 0, "percent_covered": 100.0, "percent_covered_display": "100", "missing_lines": 0, "excluded_lines": 0}, "missing_lines": [], "excluded_lines": []}, "": {"executed_lines": [1, 3, 5, 8, 9, 11, 14, 32, 34, 35, 38, 39, 40, 41, 50, 53, 54, 55, 56, 64, 69, 70, 73, 82, 84, 85, 86, 87, 95, 98, 116, 117, 118, 121, 136, 137, 138, 139, 140, 143, 153, 154, 155, 157, 158, 159, 163, 165, 166, 167, 169, 170, 174, 176], "summary": {"covered_lines": 52, "num_statements": 52, "percent_covered": 100.0, "percent_covered_display": "100", "missing_lines": 0, "excluded_lines": 0}, "missing_lines": [], "excluded_lines": []}}}, "docs_mcp/security/sanitizer.py": {"executed_lines": [1, 3, 5, 8, 9, 11, 15, 26, 29, 32, 45, 46, 49, 50, 59, 62, 63, 64, 73, 76, 77, 80, 81, 82, 83, 84, 88, 91, 93, 94, 97, 106, 107, 110, 118, 119, 120, 128, 130, 138, 139, 141, 144, 156, 157, 160, 161, 169, 173, 176, 177, 181, 183, 186, 198, 199, 202, 203, 204, 207, 210, 211, 215, 217], "summary": {"covered_lines": 62, "num_statements": 62, "percent_covered": 100.0, "percent_covered_display": "100", "missing_lines": 0, "excluded_lines": 0}, "missing_lines": [], "excluded_lines": [], "functions": {"sanitize_query": {"executed_lines": [45, 46, 49, 50, 59, 62, 63, 64, 73, 76, 77, 80, 81, 82, 83, 84, 88, 91, 93, 94], "summary": {"covered_lines": 20, "num_statements": 20, "percent_covered": 100.0, "percent_covered_display": "100", "missing_lines": 0, "excluded_lines": 0}, "missing_lines": [], "excluded_lines": []}, "sanitize_openapi_description": {"executed_lines": [106, 107, 110, 118, 119, 120, 128, 130, 138, 139, 141], "summary": {"covered_lines": 11, "num_statements": 11, "percent_covered": 100.0, "percent_covered_display": "100", "missing_lines": 0, "excluded_lines": 0}, "missing_lines": [], "excluded_lines": []}, "sanitize_filename": {"executed_lines": [156, 157, 160, 161, 169, 173, 176, 177, 181, 183], "summary": {"covered_lines": 10, "num_statements": 10, "percent_covered": 100.0, "percent_covered_display": "100", "missing_lines": 0, "excluded_lines": 0}, "missing_lines": [], "excluded_lines": []}, "sanitize_uri": {"executed_lines": [198, 199, 202, 203, 204, 207, 210, 211, 215, 217], "summary": {"covered_lines": 10, "num_statements": 10, "percent_covered": 100.0, "percent_covered_display": "100", "missing_lines": 0, "excluded_lines": 0}, "missing_lines": [], "excluded_lines": []}, "": {"executed_lines": [1, 3, 5, 8, 9, 11, 15, 26, 29, 32, 97, 144, 186], "summary": {"covered_lines": 11, "num_statements": 11, "percent_covered": 100.0, "percent_covered_display": "100", "missing_lines": 0, "excluded_lines": 0}, "missing_lines": [], "excluded_lines": []}}, "classes": {"SanitizationError": {"executed_lines": [], "summary": {"covered_lines": 0, "num_statements": 0, "percent_covered": 100.0, "percent_covered_display": "100", "missing_lines": 0, "excluded_lines": 0}, "missing_lines": [], "excluded_lines": []}, "": {"executed_lines": [1, 3, 5, 8, 9, 11, 15, 26, 29, 32, 45, 46, 49, 50, 59, 62, 63, 64, 73, 76, 77, 80, 81, 82, 83, 84, 88, 91, 93, 94, 97, 106, 107, 110, 118, 119, 120, 128, 130, 138, 139, 141, 144, 156, 157, 160, 161, 169, 173, 176, 177, 181, 183, 186, 198, 199, 202, 203, 204, 207, 210, 211, 215, 217], "summary": {"covered_lines": 62, "num_statements": 62, "percent_covered": 100.0, "percent_covered_display": "100", "missing_lines": 0, "excluded_lines": 0}, "missing_lines": [], "excluded_lines": []}}}, "docs_mcp/server.py": {"executed_lines": [1, 3, 4, 6, 7, 8, 10, 11, 12, 13, 14, 15, 16, 19, 20, 22, 28, 29, 30, 31, 34, 36, 39, 40, 141, 142, 175, 176, 189, 190, 199, 201, 204, 205, 207, 208, 217, 218, 220, 221, 224, 225, 226, 228, 233, 243, 249, 250, 251], "summary": {"covered_lines": 47, "num_statements": 73, "percent_covered": 64.38356164383562, "percent_covered_display": "64", "missing_lines": 26, "excluded_lines": 0}, "missing_lines": [42, 144, 146, 147, 150, 152, 153, 154, 156, 157, 160, 162, 163, 166, 168, 169, 170, 173, 178, 179, 192, 194, 195, 197, 235, 236], "excluded_lines": [], "functions": {"DocumentationMCPServer.__init__": {"executed_lines": [28, 29, 30, 31, 34], "summary": {"covered_lines": 5, "num_statements": 5, "percent_covered": 100.0, "percent_covered_display": "100", "missing_lines": 0, "excluded_lines": 0}, "missing_lines": [], "excluded_lines": []}, "DocumentationMCPServer._register_handlers": {"executed_lines": [39, 40, 141, 142, 175, 176, 189, 190], "summary": {"covered_lines": 8, "num_statements": 8, "percent_covered": 100.0, "percent_covered_display": "100", "missing_lines": 0, "excluded_lines": 0}, "missing_lines": [], "excluded_lines": []}, "DocumentationMCPServer._register_handlers.list_tools": {"executed_lines": [], "summary": {"covered_lines": 0, "num_statements": 1, "percent_covered": 0.0, "percent_covered_display": "0", "missing_lines": 1, "excluded_lines": 0}, "missing_lines": [42], "excluded_lines": []}, "DocumentationMCPServer._register_handlers.call_tool": {"executed_lines": [], "summary": {"covered_lines": 0, "num_statements": 17, "percent_covered": 0.0, "percent_covered_display": "0", "missing_lines": 17, "excluded_lines": 0}, "missing_lines": [144, 146, 147, 150, 152, 153, 154, 156, 157, 160, 162, 163, 166, 168, 169, 170, 173], "excluded_lines": []}, "DocumentationMCPServer._register_handlers.list_resources": {"executed_lines": [], "summary": {"covered_lines": 0, "num_statements": 2, "percent_covered": 0.0, "percent_covered_display": "0", "missing_lines": 2, "excluded_lines": 0}, "missing_lines": [178, 179], "excluded_lines": []}, "DocumentationMCPServer._register_handlers.read_resource": {"executed_lines": [], "summary": {"covered_lines": 0, "num_statements": 4, "percent_covered": 0.0, "percent_covered_display": "0", "missing_lines": 4, "excluded_lines": 0}, "missing_lines": [192, 194, 195, 197], "excluded_lines": []}, "DocumentationMCPServer.initialize": {"executed_lines": [201, 204, 205, 207, 208, 217, 218, 220, 221, 224, 225, 226, 228], "summary": {"covered_lines": 13, "num_statements": 13, "percent_covered": 100.0, "percent_covered_display": "100", "missing_lines": 0, "excluded_lines": 0}, "missing_lines": [], "excluded_lines": []}, "DocumentationMCPServer.run": {"executed_lines": [], "summary": {"covered_lines": 0, "num_statements": 2, "percent_covered": 0.0, "percent_covered_display": "0", "missing_lines": 2, "excluded_lines": 0}, "missing_lines": [235, 236], "excluded_lines": []}, "serve": {"executed_lines": [249, 250, 251], "summary": {"covered_lines": 3, "num_statements": 3, "percent_covered": 100.0, "percent_covered_display": "100", "missing_lines": 0, "excluded_lines": 0}, "missing_lines": [], "excluded_lines": []}, "": {"executed_lines": [1, 3, 4, 6, 7, 8, 10, 11, 12, 13, 14, 15, 16, 19, 20, 22, 36, 199, 233, 243], "summary": {"covered_lines": 18, "num_statements": 18, "percent_covered": 100.0, "percent_covered_display": "100", "missing_lines": 0, "excluded_lines": 0}, "missing_lines": [], "excluded_lines": []}}, "classes": {"DocumentationMCPServer": {"executed_lines": [28, 29, 30, 31, 34, 39, 40, 141, 142, 175, 176, 189, 190, 201, 204, 205, 207, 208, 217, 218, 220, 221, 224, 225, 226, 228], "summary": {"covered_lines": 26, "num_statements": 52, "percent_covered": 50.0, "percent_covered_display": "50", "missing_lines": 26, "excluded_lines": 0}, "missing_lines": [42, 144, 146, 147, 150, 152, 153, 154, 156, 157, 160, 162, 163, 166, 168, 169, 170, 173, 178, 179, 192, 194, 195, 197, 235, 236], "excluded_lines": []}, "": {"executed_lines": [1, 3, 4, 6, 7, 8, 10, 11, 12, 13, 14, 15, 16, 19, 20, 22, 36, 199, 233, 243, 249, 250, 251], "summary": {"covered_lines": 21, "num_statements": 21, "percent_covered": 100.0, "percent_covered_display": "100", "missing_lines": 0, "excluded_lines": 0}, "missing_lines": [], "excluded_lines": []}}}, "docs_mcp/services/__init__.py": {"executed_lines": [0], "summary": {"covered_lines": 0, "num_statements": 0, "percent_covered": 100.0, "percent_covered_display": "100", "missing_lines": 0, "excluded_lines": 0}, "missing_lines": [], "excluded_lines": [], "functions": {"": {"executed_lines": [], "summary": {"covered_lines": 0, "num_statements": 0, "percent_covered": 100.0, "percent_covered_display": "100", "missing_lines": 0, "excluded_lines": 0}, "missing_lines": [], "excluded_lines": []}}, "classes": {"": {"executed_lines": [], "summary": {"covered_lines": 0, "num_statements": 0, "percent_covered": 100.0, "percent_covered_display": "100", "missing_lines": 0, "excluded_lines": 0}, "missing_lines": [], "excluded_lines": []}}}, "docs_mcp/services/cache.py": {"executed_lines": [1, 3, 4, 5, 7, 9, 12, 13, 15, 16, 17, 18, 19, 20, 22, 23, 25, 27, 36, 37, 38, 41, 42, 44, 51, 52, 53, 54, 56, 66, 67, 68, 69, 72, 73, 74, 75, 78, 79, 80, 81, 82, 83, 85, 86, 88, 104, 107, 108, 111, 112, 113, 116, 126, 127, 128, 130, 131, 133, 138, 144, 145, 146, 147, 149, 158, 159, 160, 161, 162, 164, 166, 167, 168, 169, 171, 173, 174, 177, 178, 179, 181, 190, 191, 192, 194, 195, 197, 200, 202, 203, 205, 207, 208, 210, 212, 213, 215, 219, 222, 233, 234, 235], "summary": {"covered_lines": 100, "num_statements": 100, "percent_covered": 100.0, "percent_covered_display": "100", "missing_lines": 0, "excluded_lines": 0}, "missing_lines": [], "excluded_lines": [], "functions": {"CacheEntry.is_expired": {"executed_lines": [25], "summary": {"covered_lines": 1, "num_statements": 1, "percent_covered": 100.0, "percent_covered_display": "100", "missing_lines": 0, "excluded_lines": 0}, "missing_lines": [], "excluded_lines": []}, "CacheEntry.is_stale": {"executed_lines": [36, 37, 38], "summary": {"covered_lines": 3, "num_statements": 3, "percent_covered": 100.0, "percent_covered_display": "100", "missing_lines": 0, "excluded_lines": 0}, "missing_lines": [], "excluded_lines": []}, "Cache.__init__": {"executed_lines": [51, 52, 53, 54], "summary": {"covered_lines": 4, "num_statements": 4, "percent_covered": 100.0, "percent_covered_display": "100", "missing_lines": 0, "excluded_lines": 0}, "missing_lines": [], "excluded_lines": []}, "Cache.get": {"executed_lines": [66, 67, 68, 69, 72, 73, 74, 75, 78, 79, 80, 81, 82, 83, 85, 86], "summary": {"covered_lines": 16, "num_statements": 16, "percent_covered": 100.0, "percent_covered_display": "100", "missing_lines": 0, "excluded_lines": 0}, "missing_lines": [], "excluded_lines": []}, "Cache.set": {"executed_lines": [104, 107, 108, 111, 112, 113, 116, 126, 127, 128, 130, 131, 133], "summary": {"covered_lines": 13, "num_statements": 13, "percent_covered": 100.0, "percent_covered_display": "100", "missing_lines": 0, "excluded_lines": 0}, "missing_lines": [], "excluded_lines": []}, "Cache.invalidate": {"executed_lines": [144, 145, 146, 147], "summary": {"covered_lines": 4, "num_statements": 4, "percent_covered": 100.0, "percent_covered_display": "100", "missing_lines": 0, "excluded_lines": 0}, "missing_lines": [], "excluded_lines": []}, "Cache.invalidate_prefix": {"executed_lines": [158, 159, 160, 161, 162], "summary": {"covered_lines": 5, "num_statements": 5, "percent_covered": 100.0, "percent_covered_display": "100", "missing_lines": 0, "excluded_lines": 0}, "missing_lines": [], "excluded_lines": []}, "Cache.clear": {"executed_lines": [166, 167, 168, 169], "summary": {"covered_lines": 4, "num_statements": 4, "percent_covered": 100.0, "percent_covered_display": "100", "missing_lines": 0, "excluded_lines": 0}, "missing_lines": [], "excluded_lines": []}, "Cache._evict_oldest": {"executed_lines": [173, 174, 177, 178, 179], "summary": {"covered_lines": 5, "num_statements": 5, "percent_covered": 100.0, "percent_covered_display": "100", "missing_lines": 0, "excluded_lines": 0}, "missing_lines": [], "excluded_lines": []}, "Cache._estimate_size": {"executed_lines": [190, 191, 192, 194, 195, 197, 200], "summary": {"covered_lines": 7, "num_statements": 7, "percent_covered": 100.0, "percent_covered_display": "100", "missing_lines": 0, "excluded_lines": 0}, "missing_lines": [], "excluded_lines": []}, "Cache.size": {"executed_lines": [205], "summary": {"covered_lines": 1, "num_statements": 1, "percent_covered": 100.0, "percent_covered_display": "100", "missing_lines": 0, "excluded_lines": 0}, "missing_lines": [], "excluded_lines": []}, "Cache.size_bytes": {"executed_lines": [210], "summary": {"covered_lines": 1, "num_statements": 1, "percent_covered": 100.0, "percent_covered_display": "100", "missing_lines": 0, "excluded_lines": 0}, "missing_lines": [], "excluded_lines": []}, "Cache.size_mb": {"executed_lines": [215], "summary": {"covered_lines": 1, "num_statements": 1, "percent_covered": 100.0, "percent_covered_display": "100", "missing_lines": 0, "excluded_lines": 0}, "missing_lines": [], "excluded_lines": []}, "get_cache": {"executed_lines": [233, 234, 235], "summary": {"covered_lines": 3, "num_statements": 3, "percent_covered": 100.0, "percent_covered_display": "100", "missing_lines": 0, "excluded_lines": 0}, "missing_lines": [], "excluded_lines": []}, "": {"executed_lines": [1, 3, 4, 5, 7, 9, 12, 13, 15, 16, 17, 18, 19, 20, 22, 23, 27, 41, 42, 44, 56, 88, 138, 149, 164, 171, 181, 202, 203, 207, 208, 212, 213, 219, 222], "summary": {"covered_lines": 32, "num_statements": 32, "percent_covered": 100.0, "percent_covered_display": "100", "missing_lines": 0, "excluded_lines": 0}, "missing_lines": [], "excluded_lines": []}}, "classes": {"CacheEntry": {"executed_lines": [25, 36, 37, 38], "summary": {"covered_lines": 4, "num_statements": 4, "percent_covered": 100.0, "percent_covered_display": "100", "missing_lines": 0, "excluded_lines": 0}, "missing_lines": [], "excluded_lines": []}, "Cache": {"executed_lines": [51, 52, 53, 54, 66, 67, 68, 69, 72, 73, 74, 75, 78, 79, 80, 81, 82, 83, 85, 86, 104, 107, 108, 111, 112, 113, 116, 126, 127, 128, 130, 131, 133, 144, 145, 146, 147, 158, 159, 160, 161, 162, 166, 167, 168, 169, 173, 174, 177, 178, 179, 190, 191, 192, 194, 195, 197, 200, 205, 210, 215], "summary": {"covered_lines": 61, "num_statements": 61, "percent_covered": 100.0, "percent_covered_display": "100", "missing_lines": 0, "excluded_lines": 0}, "missing_lines": [], "excluded_lines": []}, "": {"executed_lines": [1, 3, 4, 5, 7, 9, 12, 13, 15, 16, 17, 18, 19, 20, 22, 23, 27, 41, 42, 44, 56, 88, 138, 149, 164, 171, 181, 202, 203, 207, 208, 212, 213, 219, 222, 233, 234, 235], "summary": {"covered_lines": 35, "num_statements": 35, "percent_covered": 100.0, "percent_covered_display": "100", "missing_lines": 0, "excluded_lines": 0}, "missing_lines": [], "excluded_lines": []}}}, "docs_mcp/services/hierarchy.py": {"executed_lines": [1, 3, 5, 6, 7, 8, 11, 12, 14, 17, 30, 33, 35, 37, 39, 40, 42, 44, 45, 46, 47, 50, 58, 61, 62, 63, 64, 67, 68, 69, 70, 71, 74, 75, 77, 78, 81, 94, 96, 97, 98, 100, 103, 112, 113, 115, 116, 118, 119, 121, 122, 124, 125, 126, 133, 136, 155, 156, 159, 160, 163, 164, 165, 167, 170, 180, 191, 204, 217, 220, 223, 224, 225, 226, 236, 238, 239, 248, 251, 253, 254, 255, 257, 268, 282, 283, 285, 286, 287, 288, 290, 292, 305, 321, 322, 323, 324, 325, 328, 330, 336, 337, 338, 341, 343, 346, 363, 372, 373, 374, 375, 376, 381, 382, 383, 384, 385, 394], "summary": {"covered_lines": 116, "num_statements": 116, "percent_covered": 100.0, "percent_covered_display": "100", "missing_lines": 0, "excluded_lines": 0}, "missing_lines": [], "excluded_lines": [], "functions": {"build_category_tree": {"executed_lines": [30, 33, 35, 37, 39, 40, 42, 44, 45, 46, 47, 50, 58, 61, 62, 63, 64, 67, 68, 69, 70, 71, 74, 75, 77, 78], "summary": {"covered_lines": 26, "num_statements": 26, "percent_covered": 100.0, "percent_covered_display": "100", "missing_lines": 0, "excluded_lines": 0}, "missing_lines": [], "excluded_lines": []}, "_count_documents_recursive": {"executed_lines": [94, 96, 97, 98, 100], "summary": {"covered_lines": 5, "num_statements": 5, "percent_covered": 100.0, "percent_covered_display": "100", "missing_lines": 0, "excluded_lines": 0}, "missing_lines": [], "excluded_lines": []}, "get_breadcrumbs": {"executed_lines": [112, 113, 115, 116, 118, 119, 121, 122, 124, 125, 126, 133], "summary": {"covered_lines": 12, "num_statements": 12, "percent_covered": 100.0, "percent_covered_display": "100", "missing_lines": 0, "excluded_lines": 0}, "missing_lines": [], "excluded_lines": []}, "navigate_to_uri": {"executed_lines": [155, 156, 159, 160, 163, 164, 165, 167], "summary": {"covered_lines": 8, "num_statements": 8, "percent_covered": 100.0, "percent_covered_display": "100", "missing_lines": 0, "excluded_lines": 0}, "missing_lines": [], "excluded_lines": []}, "_get_root_context": {"executed_lines": [180, 191], "summary": {"covered_lines": 2, "num_statements": 2, "percent_covered": 100.0, "percent_covered_display": "100", "missing_lines": 0, "excluded_lines": 0}, "missing_lines": [], "excluded_lines": []}, "_get_category_context": {"executed_lines": [217, 220, 223, 224, 225, 226, 236, 238, 239, 248, 251, 253, 254, 255, 257], "summary": {"covered_lines": 15, "num_statements": 15, "percent_covered": 100.0, "percent_covered_display": "100", "missing_lines": 0, "excluded_lines": 0}, "missing_lines": [], "excluded_lines": []}, "_get_document_context": {"executed_lines": [282, 283, 285, 286, 287, 288, 290, 292], "summary": {"covered_lines": 8, "num_statements": 8, "percent_covered": 100.0, "percent_covered_display": "100", "missing_lines": 0, "excluded_lines": 0}, "missing_lines": [], "excluded_lines": []}, "get_table_of_contents": {"executed_lines": [321, 322, 323, 324, 325, 328, 330, 336, 337, 338, 341, 343], "summary": {"covered_lines": 12, "num_statements": 12, "percent_covered": 100.0, "percent_covered_display": "100", "missing_lines": 0, "excluded_lines": 0}, "missing_lines": [], "excluded_lines": []}, "_build_toc_node": {"executed_lines": [363, 372, 373, 374, 375, 376, 381, 382, 383, 384, 385, 394], "summary": {"covered_lines": 12, "num_statements": 12, "percent_covered": 100.0, "percent_covered_display": "100", "missing_lines": 0, "excluded_lines": 0}, "missing_lines": [], "excluded_lines": []}, "": {"executed_lines": [1, 3, 5, 6, 7, 8, 11, 12, 14, 17, 81, 103, 136, 170, 204, 268, 305, 346], "summary": {"covered_lines": 16, "num_statements": 16, "percent_covered": 100.0, "percent_covered_display": "100", "missing_lines": 0, "excluded_lines": 0}, "missing_lines": [], "excluded_lines": []}}, "classes": {"HierarchyError": {"executed_lines": [], "summary": {"covered_lines": 0, "num_statements": 0, "percent_covered": 100.0, "percent_covered_display": "100", "missing_lines": 0, "excluded_lines": 0}, "missing_lines": [], "excluded_lines": []}, "": {"executed_lines": [1, 3, 5, 6, 7, 8, 11, 12, 14, 17, 30, 33, 35, 37, 39, 40, 42, 44, 45, 46, 47, 50, 58, 61, 62, 63, 64, 67, 68, 69, 70, 71, 74, 75, 77, 78, 81, 94, 96, 97, 98, 100, 103, 112, 113, 115, 116, 118, 119, 121, 122, 124, 125, 126, 133, 136, 155, 156, 159, 160, 163, 164, 165, 167, 170, 180, 191, 204, 217, 220, 223, 224, 225, 226, 236, 238, 239, 248, 251, 253, 254, 255, 257, 268, 282, 283, 285, 286, 287, 288, 290, 292, 305, 321, 322, 323, 324, 325, 328, 330, 336, 337, 338, 341, 343, 346, 363, 372, 373, 374, 375, 376, 381, 382, 383, 384, 385, 394], "summary": {"covered_lines": 116, "num_statements": 116, "percent_covered": 100.0, "percent_covered_display": "100", "missing_lines": 0, "excluded_lines": 0}, "missing_lines": [], "excluded_lines": []}}}, "docs_mcp/services/markdown.py": {"executed_lines": [1, 3, 4, 5, 6, 8, 10, 11, 12, 13, 16, 17, 19, 22, 41, 42, 43, 44, 47, 48, 49, 50, 51, 54, 55, 56, 57, 58, 62, 65, 68, 69, 72, 75, 91, 94, 104, 107, 117, 118, 121, 122, 123, 126, 127, 129, 130, 132, 133, 134, 135, 136, 137, 138, 139, 141, 144, 156, 157, 160, 161, 162, 165, 168, 178, 181, 182, 184, 187, 208, 209, 211, 212, 214, 217, 218, 224, 225, 226, 227, 228, 230, 231, 234, 235, 237, 238, 239, 240, 241, 242, 243, 244, 246, 247, 249, 252, 253, 254, 255, 256, 257, 258, 260, 261, 263], "summary": {"covered_lines": 104, "num_statements": 107, "percent_covered": 97.19626168224299, "percent_covered_display": "97", "missing_lines": 3, "excluded_lines": 0}, "missing_lines": [219, 220, 221], "excluded_lines": [], "functions": {"parse_markdown_with_metadata": {"executed_lines": [41, 42, 43, 44, 47, 48, 49, 50, 51, 54, 55, 56, 57, 58, 62, 65, 68, 69, 72, 75, 91, 94, 104], "summary": {"covered_lines": 23, "num_statements": 23, "percent_covered": 100.0, "percent_covered_display": "100", "missing_lines": 0, "excluded_lines": 0}, "missing_lines": [], "excluded_lines": []}, "_extract_frontmatter": {"executed_lines": [117, 118, 121, 122, 123, 126, 127, 129, 130, 132, 133, 134, 135, 136, 137, 138, 139, 141], "summary": {"covered_lines": 18, "num_statements": 18, "percent_covered": 100.0, "percent_covered_display": "100", "missing_lines": 0, "excluded_lines": 0}, "missing_lines": [], "excluded_lines": []}, "_extract_title": {"executed_lines": [156, 157, 160, 161, 162, 165], "summary": {"covered_lines": 6, "num_statements": 6, "percent_covered": 100.0, "percent_covered_display": "100", "missing_lines": 0, "excluded_lines": 0}, "missing_lines": [], "excluded_lines": []}, "_generate_uri": {"executed_lines": [178, 181, 182, 184], "summary": {"covered_lines": 4, "num_statements": 4, "percent_covered": 100.0, "percent_covered_display": "100", "missing_lines": 0, "excluded_lines": 0}, "missing_lines": [], "excluded_lines": []}, "scan_markdown_files": {"executed_lines": [208, 209, 211, 212, 214, 217, 218, 224, 225, 226, 227, 228, 230, 231, 234, 235, 237, 238, 239, 240, 241, 242, 243, 244, 246, 247, 249, 252, 253, 254, 255, 256, 257, 258, 260, 261, 263], "summary": {"covered_lines": 37, "num_statements": 40, "percent_covered": 92.5, "percent_covered_display": "92", "missing_lines": 3, "excluded_lines": 0}, "missing_lines": [219, 220, 221], "excluded_lines": []}, "": {"executed_lines": [1, 3, 4, 5, 6, 8, 10, 11, 12, 13, 16, 17, 19, 22, 107, 144, 168, 187], "summary": {"covered_lines": 16, "num_statements": 16, "percent_covered": 100.0, "percent_covered_display": "100", "missing_lines": 0, "excluded_lines": 0}, "missing_lines": [], "excluded_lines": []}}, "classes": {"MarkdownParseError": {"executed_lines": [], "summary": {"covered_lines": 0, "num_statements": 0, "percent_covered": 100.0, "percent_covered_display": "100", "missing_lines": 0, "excluded_lines": 0}, "missing_lines": [], "excluded_lines": []}, "": {"executed_lines": [1, 3, 4, 5, 6, 8, 10, 11, 12, 13, 16, 17, 19, 22, 41, 42, 43, 44, 47, 48, 49, 50, 51, 54, 55, 56, 57, 58, 62, 65, 68, 69, 72, 75, 91, 94, 104, 107, 117, 118, 121, 122, 123, 126, 127, 129, 130, 132, 133, 134, 135, 136, 137, 138, 139, 141, 144, 156, 157, 160, 161, 162, 165, 168, 178, 181, 182, 184, 187, 208, 209, 211, 212, 214, 217, 218, 224, 225, 226, 227, 228, 230, 231, 234, 235, 237, 238, 239, 240, 241, 242, 243, 244, 246, 247, 249, 252, 253, 254, 255, 256, 257, 258, 260, 261, 263], "summary": {"covered_lines": 104, "num_statements": 107, "percent_covered": 97.19626168224299, "percent_covered_display": "97", "missing_lines": 3, "excluded_lines": 0}, "missing_lines": [219, 220, 221], "excluded_lines": []}}}, "docs_mcp/services/search.py": {"executed_lines": [1, 3, 4, 6, 7, 8, 9, 10, 11, 14, 15, 17, 20, 42, 44, 46, 47, 49, 52, 53, 54, 55, 56, 58, 61, 62, 63, 64, 67, 69, 70, 71, 74, 75, 76, 79, 80, 83, 84, 85, 88, 89, 90, 93, 95, 97, 98, 99, 100, 102, 105, 106, 109, 112, 114, 124, 127, 130, 132, 135, 137, 139, 140, 141, 142, 145, 162, 164, 165, 167, 169, 170, 172, 174, 175, 176, 178, 188, 191, 193, 197, 200, 211, 213, 214, 216, 218, 221, 222, 224, 227, 228, 229, 230, 232, 239, 250, 251, 252, 253, 254, 255], "summary": {"covered_lines": 100, "num_statements": 103, "percent_covered": 97.0873786407767, "percent_covered_display": "97", "missing_lines": 3, "excluded_lines": 0}, "missing_lines": [234, 235, 236], "excluded_lines": [], "functions": {"search_content": {"executed_lines": [42, 44, 46, 47, 49, 52, 53, 54, 55, 56, 58, 61, 62, 63, 64, 67, 69, 70, 71, 74, 75, 76, 79, 80, 83, 84, 85, 88, 89, 90, 93, 95, 97, 98, 99, 100, 102, 105, 106, 109, 112, 114, 124, 127, 130, 132, 135, 137, 139, 140, 141, 142], "summary": {"covered_lines": 52, "num_statements": 52, "percent_covered": 100.0, "percent_covered_display": "100", "missing_lines": 0, "excluded_lines": 0}, "missing_lines": [], "excluded_lines": []}, "search_by_metadata": {"executed_lines": [162, 164, 165, 167, 169, 170, 172, 174, 175, 176, 178, 188, 191, 193, 197], "summary": {"covered_lines": 15, "num_statements": 15, "percent_covered": 100.0, "percent_covered_display": "100", "missing_lines": 0, "excluded_lines": 0}, "missing_lines": [], "excluded_lines": []}, "_extract_excerpt": {"executed_lines": [211, 213, 214, 216, 218, 221, 222, 224, 227, 228, 229, 230, 232], "summary": {"covered_lines": 13, "num_statements": 16, "percent_covered": 81.25, "percent_covered_display": "81", "missing_lines": 3, "excluded_lines": 0}, "missing_lines": [234, 235, 236], "excluded_lines": []}, "_highlight_matches": {"executed_lines": [250, 251, 252, 253, 254, 255], "summary": {"covered_lines": 6, "num_statements": 6, "percent_covered": 100.0, "percent_covered_display": "100", "missing_lines": 0, "excluded_lines": 0}, "missing_lines": [], "excluded_lines": []}, "": {"executed_lines": [1, 3, 4, 6, 7, 8, 9, 10, 11, 14, 15, 17, 20, 145, 200, 239], "summary": {"covered_lines": 14, "num_statements": 14, "percent_covered": 100.0, "percent_covered_display": "100", "missing_lines": 0, "excluded_lines": 0}, "missing_lines": [], "excluded_lines": []}}, "classes": {"SearchError": {"executed_lines": [], "summary": {"covered_lines": 0, "num_statements": 0, "percent_covered": 100.0, "percent_covered_display": "100", "missing_lines": 0, "excluded_lines": 0}, "missing_lines": [], "excluded_lines": []}, "": {"executed_lines": [1, 3, 4, 6, 7, 8, 9, 10, 11, 14, 15, 17, 20, 42, 44, 46, 47, 49, 52, 53, 54, 55, 56, 58, 61, 62, 63, 64, 67, 69, 70, 71, 74, 75, 76, 79, 80, 83, 84, 85, 88, 89, 90, 93, 95, 97, 98, 99, 100, 102, 105, 106, 109, 112, 114, 124, 127, 130, 132, 135, 137, 139, 140, 141, 142, 145, 162, 164, 165, 167, 169, 170, 172, 174, 175, 176, 178, 188, 191, 193, 197, 200, 211, 213, 214, 216, 218, 221, 222, 224, 227, 228, 229, 230, 232, 239, 250, 251, 252, 253, 254, 255], "summary": {"covered_lines": 100, "num_statements": 103, "percent_covered": 97.0873786407767, "percent_covered_display": "97", "missing_lines": 3, "excluded_lines": 0}, "missing_lines": [234, 235, 236], "excluded_lines": []}}}, "docs_mcp/utils/__init__.py": {"executed_lines": [0], "summary": {"covered_lines": 0, "num_statements": 0, "percent_covered": 100.0, "percent_covered_display": "100", "missing_lines": 0, "excluded_lines": 0}, "missing_lines": [], "excluded_lines": [], "functions": {"": {"executed_lines": [], "summary": {"covered_lines": 0, "num_statements": 0, "percent_covered": 100.0, "percent_covered_display": "100", "missing_lines": 0, "excluded_lines": 0}, "missing_lines": [], "excluded_lines": []}}, "classes": {"": {"executed_lines": [], "summary": {"covered_lines": 0, "num_statements": 0, "percent_covered": 100.0, "percent_covered_display": "100", "missing_lines": 0, "excluded_lines": 0}, "missing_lines": [], "excluded_lines": []}}}, "docs_mcp/utils/logger.py": {"executed_lines": [1, 3, 4, 5, 8, 11, 17, 20, 21, 24, 27, 30, 31, 32, 35, 42], "summary": {"covered_lines": 15, "num_statements": 15, "percent_covered": 100.0, "percent_covered_display": "100", "missing_lines": 0, "excluded_lines": 0}, "missing_lines": [], "excluded_lines": [], "functions": {"setup_logging": {"executed_lines": [17, 20, 21, 24, 27, 30, 31, 32], "summary": {"covered_lines": 8, "num_statements": 8, "percent_covered": 100.0, "percent_covered_display": "100", "missing_lines": 0, "excluded_lines": 0}, "missing_lines": [], "excluded_lines": []}, "audit_log": {"executed_lines": [42], "summary": {"covered_lines": 1, "num_statements": 1, "percent_covered": 100.0, "percent_covered_display": "100", "missing_lines": 0, "excluded_lines": 0}, "missing_lines": [], "excluded_lines": []}, "": {"executed_lines": [1, 3, 4, 5, 8, 11, 35], "summary": {"covered_lines": 6, "num_statements": 6, "percent_covered": 100.0, "percent_covered_display": "100", "missing_lines": 0, "excluded_lines": 0}, "missing_lines": [], "excluded_lines": []}}, "classes": {"": {"executed_lines": [1, 3, 4, 5, 8, 11, 17, 20, 21, 24, 27, 30, 31, 32, 35, 42], "summary": {"covered_lines": 15, "num_statements": 15, "percent_covered": 100.0, "percent_covered_display": "100", "missing_lines": 0, "excluded_lines": 0}, "missing_lines": [], "excluded_lines": []}}}}, "totals": {"covered_lines": 909, "num_statements": 942, "percent_covered": 96.4968152866242, "percent_covered_display": "96", "missing_lines": 33, "excluded_lines": 0}}